<?xml version="1.0" encoding="UTF-8"?>
<!-- Generated by org.testng.reporters.JUnitReportReporter -->
<testsuite hostname="PTD23504" name="com.mousehover.TestingDropDownTest" tests="1" failures="0" timestamp="17 May 2018 10:45:44 GMT" time="14.040" errors="0">
  <testcase name="menuItem" time="14.040" classname="com.mousehover.TestingDropDownTest"/>
</testsuite> <!-- com.mousehover.TestingDropDownTest -->
